# JRE version: OpenJDK Runtime Environment (11.0.12+7) (build 11.0.12+7-b1504.28-7817840)
# Java VM: OpenJDK 64-Bit Server VM (11.0.12+7-b1504.28-7817840, mixed mode, tiered, compressed oops, g1 gc, windows-amd64)
Heap:
 garbage-first heap   total 464896K, used 196139K [0x00000000a0000000, 0x0000000100000000)
  region size 1024K, 37 young (37888K), 3 survivors (3072K)
 Metaspace       used 150153K, capacity 155515K, committed 155728K, reserved 1183744K
  class space    used 19069K, capacity 21053K, committed 21120K, reserved 1048576K
GC Heap History (20 events):
Event: 338.504 GC heap before
{Heap before GC invocations=94 (full 0):
 garbage-first heap   total 400384K, used 189539K [0x00000000a0000000, 0x0000000100000000)
  region size 1024K, 19 young (19456K), 3 survivors (3072K)
 Metaspace       used 148044K, capacity 153079K, committed 153296K, reserved 1181696K
  class space    used 18898K, capacity 20731K, committed 20736K, reserved 1048576K
}
Event: 338.512 GC heap after
{Heap after GC invocations=95 (full 0):
 garbage-first heap   total 400384K, used 171242K [0x00000000a0000000, 0x0000000100000000)
  region size 1024K, 3 young (3072K), 3 survivors (3072K)
 Metaspace       used 148044K, capacity 153079K, committed 153296K, reserved 1181696K
  class space    used 18898K, capacity 20731K, committed 20736K, reserved 1048576K
}
Event: 339.262 GC heap before
{Heap before GC invocations=95 (full 0):
 garbage-first heap   total 400384K, used 297194K [0x00000000a0000000, 0x0000000100000000)
  region size 1024K, 126 young (129024K), 3 survivors (3072K)
 Metaspace       used 148063K, capacity 153080K, committed 153296K, reserved 1181696K
  class space    used 18899K, capacity 20731K, committed 20736K, reserved 1048576K
}
Event: 339.269 GC heap after
{Heap after GC invocations=96 (full 0):
 garbage-first heap   total 400384K, used 172196K [0x00000000a0000000, 0x0000000100000000)
  region size 1024K, 4 young (4096K), 4 survivors (4096K)
 Metaspace       used 148063K, capacity 153080K, committed 153296K, reserved 1181696K
  class space    used 18899K, capacity 20731K, committed 20736K, reserved 1048576K
}
Event: 341.516 GC heap before
{Heap before GC invocations=97 (full 0):
 garbage-first heap   total 464896K, used 435364K [0x00000000a0000000, 0x0000000100000000)
  region size 1024K, 136 young (139264K), 4 survivors (4096K)
 Metaspace       used 148256K, capacity 153207K, committed 153424K, reserved 1181696K
  class space    used 18912K, capacity 20745K, committed 20864K, reserved 1048576K
}
Event: 341.526 GC heap after
{Heap after GC invocations=98 (full 0):
 garbage-first heap   total 464896K, used 300553K [0x00000000a0000000, 0x0000000100000000)
  region size 1024K, 5 young (5120K), 5 survivors (5120K)
 Metaspace       used 148256K, capacity 153207K, committed 153424K, reserved 1181696K
  class space    used 18912K, capacity 20745K, committed 20864K, reserved 1048576K
}
Event: 347.032 GC heap before
{Heap before GC invocations=98 (full 0):
 garbage-first heap   total 464896K, used 316937K [0x00000000a0000000, 0x0000000100000000)
  region size 1024K, 22 young (22528K), 5 survivors (5120K)
 Metaspace       used 148274K, capacity 153271K, committed 153424K, reserved 1181696K
  class space    used 18912K, capacity 20745K, committed 20864K, reserved 1048576K
}
Event: 347.044 GC heap after
{Heap after GC invocations=99 (full 0):
 garbage-first heap   total 464896K, used 297300K [0x00000000a0000000, 0x0000000100000000)
  region size 1024K, 1 young (1024K), 1 survivors (1024K)
 Metaspace       used 148274K, capacity 153271K, committed 153424K, reserved 1181696K
  class space    used 18912K, capacity 20745K, committed 20864K, reserved 1048576K
}
Event: 347.070 GC heap before
{Heap before GC invocations=99 (full 0):
 garbage-first heap   total 464896K, used 298324K [0x00000000a0000000, 0x0000000100000000)
  region size 1024K, 4 young (4096K), 1 survivors (1024K)
 Metaspace       used 148275K, capacity 153271K, committed 153424K, reserved 1181696K
  class space    used 18912K, capacity 20745K, committed 20864K, reserved 1048576K
}
Event: 347.077 GC heap after
{Heap after GC invocations=100 (full 0):
 garbage-first heap   total 464896K, used 296960K [0x00000000a0000000, 0x0000000100000000)
  region size 1024K, 1 young (1024K), 1 survivors (1024K)
 Metaspace       used 148275K, capacity 153271K, committed 153424K, reserved 1181696K
  class space    used 18912K, capacity 20745K, committed 20864K, reserved 1048576K
}
Event: 480.155 GC heap before
{Heap before GC invocations=101 (full 0):
 garbage-first heap   total 464896K, used 441726K [0x00000000a0000000, 0x0000000100000000)
  region size 1024K, 87 young (89088K), 1 survivors (1024K)
 Metaspace       used 148775K, capacity 153744K, committed 153936K, reserved 1181696K
  class space    used 18931K, capacity 20776K, committed 20864K, reserved 1048576K
}
Event: 480.169 GC heap after
{Heap after GC invocations=102 (full 0):
 garbage-first heap   total 464896K, used 240944K [0x00000000a0000000, 0x0000000100000000)
  region size 1024K, 11 young (11264K), 11 survivors (11264K)
 Metaspace       used 148775K, capacity 153744K, committed 153936K, reserved 1181696K
  class space    used 18931K, capacity 20776K, committed 20864K, reserved 1048576K
}
Event: 480.482 GC heap before
{Heap before GC invocations=102 (full 0):
 garbage-first heap   total 464896K, used 251184K [0x00000000a0000000, 0x0000000100000000)
  region size 1024K, 22 young (22528K), 11 survivors (11264K)
 Metaspace       used 148863K, capacity 153847K, committed 153936K, reserved 1181696K
  class space    used 18935K, capacity 20783K, committed 20864K, reserved 1048576K
}
Event: 480.501 GC heap after
{Heap after GC invocations=103 (full 0):
 garbage-first heap   total 464896K, used 169552K [0x00000000a0000000, 0x0000000100000000)
  region size 1024K, 3 young (3072K), 3 survivors (3072K)
 Metaspace       used 148863K, capacity 153847K, committed 153936K, reserved 1181696K
  class space    used 18935K, capacity 20783K, committed 20864K, reserved 1048576K
}
Event: 483.006 GC heap before
{Heap before GC invocations=103 (full 0):
 garbage-first heap   total 464896K, used 221776K [0x00000000a0000000, 0x0000000100000000)
  region size 1024K, 56 young (57344K), 3 survivors (3072K)
 Metaspace       used 149070K, capacity 154139K, committed 154448K, reserved 1183744K
  class space    used 18947K, capacity 20806K, committed 20864K, reserved 1048576K
}
Event: 483.026 GC heap after
{Heap after GC invocations=104 (full 0):
 garbage-first heap   total 464896K, used 173596K [0x00000000a0000000, 0x0000000100000000)
  region size 1024K, 7 young (7168K), 7 survivors (7168K)
 Metaspace       used 149070K, capacity 154139K, committed 154448K, reserved 1183744K
  class space    used 18947K, capacity 20806K, committed 20864K, reserved 1048576K
}
Event: 1378.459 GC heap before
{Heap before GC invocations=105 (full 0):
 garbage-first heap   total 464896K, used 447004K [0x00000000a0000000, 0x0000000100000000)
  region size 1024K, 145 young (148480K), 7 survivors (7168K)
 Metaspace       used 149728K, capacity 154886K, committed 155088K, reserved 1183744K
  class space    used 19005K, capacity 20935K, committed 20992K, reserved 1048576K
}
Event: 1378.480 GC heap after
{Heap after GC invocations=106 (full 0):
 garbage-first heap   total 464896K, used 180208K [0x00000000a0000000, 0x0000000100000000)
  region size 1024K, 14 young (14336K), 14 survivors (14336K)
 Metaspace       used 149728K, capacity 154886K, committed 155088K, reserved 1183744K
  class space    used 19005K, capacity 20935K, committed 20992K, reserved 1048576K
}
Event: 1378.586 GC heap before
{Heap before GC invocations=106 (full 0):
 garbage-first heap   total 464896K, used 188400K [0x00000000a0000000, 0x0000000100000000)
  region size 1024K, 22 young (22528K), 14 survivors (14336K)
 Metaspace       used 149796K, capacity 154943K, committed 155088K, reserved 1183744K
  class space    used 19012K, capacity 20948K, committed 20992K, reserved 1048576K
}
Event: 1378.613 GC heap after
{Heap after GC invocations=107 (full 0):
 garbage-first heap   total 464896K, used 163371K [0x00000000a0000000, 0x0000000100000000)
  region size 1024K, 3 young (3072K), 3 survivors (3072K)
 Metaspace       used 149796K, capacity 154943K, committed 155088K, reserved 1183744K
  class space    used 19012K, capacity 20948K, committed 20992K, reserved 1048576K
}

