# JRE version: OpenJDK Runtime Environment (11.0.12+7) (build 11.0.12+7-b1504.28-7817840)
# Java VM: OpenJDK 64-Bit Server VM (11.0.12+7-b1504.28-7817840, mixed mode, tiered, compressed oops, g1 gc, windows-amd64)
Heap:
 garbage-first heap   total 260096K, used 176360K [0x00000000a0000000, 0x0000000100000000)
  region size 1024K, 17 young (17408K), 8 survivors (8192K)
 Metaspace       used 93561K, capacity 97286K, committed 97404K, reserved 1132544K
  class space    used 12249K, capacity 13527K, committed 13568K, reserved 1048576K
GC Heap History (20 events):
Event: 10.173 GC heap before
{Heap before GC invocations=10 (full 0):
 garbage-first heap   total 260096K, used 197934K [0x00000000a0000000, 0x0000000100000000)
  region size 1024K, 144 young (147456K), 3 survivors (3072K)
 Metaspace       used 67343K, capacity 69087K, committed 69372K, reserved 1110016K
  class space    used 8560K, capacity 9228K, committed 9344K, reserved 1048576K
}
Event: 10.184 GC heap after
{Heap after GC invocations=11 (full 0):
 garbage-first heap   total 260096K, used 64624K [0x00000000a0000000, 0x0000000100000000)
  region size 1024K, 14 young (14336K), 14 survivors (14336K)
 Metaspace       used 67343K, capacity 69087K, committed 69372K, reserved 1110016K
  class space    used 8560K, capacity 9228K, committed 9344K, reserved 1048576K
}
Event: 11.562 GC heap before
{Heap before GC invocations=12 (full 0):
 garbage-first heap   total 260096K, used 196720K [0x00000000a0000000, 0x0000000100000000)
  region size 1024K, 143 young (146432K), 14 survivors (14336K)
 Metaspace       used 73886K, capacity 76006K, committed 76284K, reserved 1116160K
  class space    used 9605K, capacity 10334K, committed 10368K, reserved 1048576K
}
Event: 11.578 GC heap after
{Heap after GC invocations=13 (full 0):
 garbage-first heap   total 260096K, used 72754K [0x00000000a0000000, 0x0000000100000000)
  region size 1024K, 9 young (9216K), 9 survivors (9216K)
 Metaspace       used 73886K, capacity 76006K, committed 76284K, reserved 1116160K
  class space    used 9605K, capacity 10334K, committed 10368K, reserved 1048576K
}
Event: 13.238 GC heap before
{Heap before GC invocations=13 (full 0):
 garbage-first heap   total 260096K, used 207922K [0x00000000a0000000, 0x0000000100000000)
  region size 1024K, 135 young (138240K), 9 survivors (9216K)
 Metaspace       used 78550K, capacity 81085K, committed 81276K, reserved 1120256K
  class space    used 10298K, capacity 11227K, committed 11264K, reserved 1048576K
}
Event: 13.255 GC heap after
{Heap after GC invocations=14 (full 0):
 garbage-first heap   total 260096K, used 95232K [0x00000000a0000000, 0x0000000100000000)
  region size 1024K, 17 young (17408K), 17 survivors (17408K)
 Metaspace       used 78550K, capacity 81085K, committed 81276K, reserved 1120256K
  class space    used 10298K, capacity 11227K, committed 11264K, reserved 1048576K
}
Event: 14.722 GC heap before
{Heap before GC invocations=14 (full 0):
 garbage-first heap   total 260096K, used 201728K [0x00000000a0000000, 0x0000000100000000)
  region size 1024K, 121 young (123904K), 17 survivors (17408K)
 Metaspace       used 86871K, capacity 89629K, committed 89852K, reserved 1126400K
  class space    used 11409K, capacity 12394K, committed 12416K, reserved 1048576K
}
Event: 14.742 GC heap after
{Heap after GC invocations=15 (full 0):
 garbage-first heap   total 260096K, used 107695K [0x00000000a0000000, 0x0000000100000000)
  region size 1024K, 12 young (12288K), 12 survivors (12288K)
 Metaspace       used 86871K, capacity 89629K, committed 89852K, reserved 1126400K
  class space    used 11409K, capacity 12394K, committed 12416K, reserved 1048576K
}
Event: 31.805 GC heap before
{Heap before GC invocations=15 (full 0):
 garbage-first heap   total 260096K, used 203951K [0x00000000a0000000, 0x0000000100000000)
  region size 1024K, 106 young (108544K), 12 survivors (12288K)
 Metaspace       used 90976K, capacity 94186K, committed 94204K, reserved 1130496K
  class space    used 12060K, capacity 13184K, committed 13184K, reserved 1048576K
}
Event: 31.821 GC heap after
{Heap after GC invocations=16 (full 0):
 garbage-first heap   total 260096K, used 115905K [0x00000000a0000000, 0x0000000100000000)
  region size 1024K, 9 young (9216K), 9 survivors (9216K)
 Metaspace       used 90976K, capacity 94186K, committed 94204K, reserved 1130496K
  class space    used 12060K, capacity 13184K, committed 13184K, reserved 1048576K
}
Event: 32.602 GC heap before
{Heap before GC invocations=16 (full 0):
 garbage-first heap   total 260096K, used 206017K [0x00000000a0000000, 0x0000000100000000)
  region size 1024K, 98 young (100352K), 9 survivors (9216K)
 Metaspace       used 91854K, capacity 95167K, committed 95356K, reserved 1132544K
  class space    used 12102K, capacity 13259K, committed 13312K, reserved 1048576K
}
Event: 32.624 GC heap after
{Heap after GC invocations=17 (full 0):
 garbage-first heap   total 260096K, used 130870K [0x00000000a0000000, 0x0000000100000000)
  region size 1024K, 13 young (13312K), 13 survivors (13312K)
 Metaspace       used 91854K, capacity 95167K, committed 95356K, reserved 1132544K
  class space    used 12102K, capacity 13259K, committed 13312K, reserved 1048576K
}
Event: 46.686 GC heap before
{Heap before GC invocations=17 (full 0):
 garbage-first heap   total 260096K, used 205622K [0x00000000a0000000, 0x0000000100000000)
  region size 1024K, 87 young (89088K), 13 survivors (13312K)
 Metaspace       used 92285K, capacity 95625K, committed 95868K, reserved 1132544K
  class space    used 12123K, capacity 13295K, committed 13312K, reserved 1048576K
}
Event: 46.718 GC heap after
{Heap after GC invocations=18 (full 0):
 garbage-first heap   total 260096K, used 139075K [0x00000000a0000000, 0x0000000100000000)
  region size 1024K, 8 young (8192K), 8 survivors (8192K)
 Metaspace       used 92285K, capacity 95625K, committed 95868K, reserved 1132544K
  class space    used 12123K, capacity 13295K, committed 13312K, reserved 1048576K
}
Event: 54.275 GC heap before
{Heap before GC invocations=19 (full 0):
 garbage-first heap   total 260096K, used 207683K [0x00000000a0000000, 0x0000000100000000)
  region size 1024K, 76 young (77824K), 8 survivors (8192K)
 Metaspace       used 92518K, capacity 95885K, committed 96124K, reserved 1132544K
  class space    used 12131K, capacity 13308K, committed 13312K, reserved 1048576K
}
Event: 54.295 GC heap after
{Heap after GC invocations=20 (full 0):
 garbage-first heap   total 260096K, used 150528K [0x00000000a0000000, 0x0000000100000000)
  region size 1024K, 10 young (10240K), 10 survivors (10240K)
 Metaspace       used 92518K, capacity 95885K, committed 96124K, reserved 1132544K
  class space    used 12131K, capacity 13308K, committed 13312K, reserved 1048576K
}
Event: 68.419 GC heap before
{Heap before GC invocations=20 (full 0):
 garbage-first heap   total 260096K, used 207872K [0x00000000a0000000, 0x0000000100000000)
  region size 1024K, 67 young (68608K), 10 survivors (10240K)
 Metaspace       used 92860K, capacity 96321K, committed 96508K, reserved 1132544K
  class space    used 12162K, capacity 13366K, committed 13440K, reserved 1048576K
}
Event: 68.445 GC heap after
{Heap after GC invocations=21 (full 0):
 garbage-first heap   total 260096K, used 157918K [0x00000000a0000000, 0x0000000100000000)
  region size 1024K, 7 young (7168K), 7 survivors (7168K)
 Metaspace       used 92860K, capacity 96321K, committed 96508K, reserved 1132544K
  class space    used 12162K, capacity 13366K, committed 13440K, reserved 1048576K
}
Event: 68.959 GC heap before
{Heap before GC invocations=22 (full 0):
 garbage-first heap   total 260096K, used 210142K [0x00000000a0000000, 0x0000000100000000)
  region size 1024K, 59 young (60416K), 7 survivors (7168K)
 Metaspace       used 93535K, capacity 97283K, committed 97404K, reserved 1132544K
  class space    used 12249K, capacity 13526K, committed 13568K, reserved 1048576K
}
Event: 68.973 GC heap after
{Heap after GC invocations=23 (full 0):
 garbage-first heap   total 260096K, used 168168K [0x00000000a0000000, 0x0000000100000000)
  region size 1024K, 8 young (8192K), 8 survivors (8192K)
 Metaspace       used 93535K, capacity 97283K, committed 97404K, reserved 1132544K
  class space    used 12249K, capacity 13526K, committed 13568K, reserved 1048576K
}

