# JRE version: OpenJDK Runtime Environment (11.0.12+7) (build 11.0.12+7-b1504.28-7817840)
# Java VM: OpenJDK 64-Bit Server VM (11.0.12+7-b1504.28-7817840, mixed mode, tiered, compressed oops, g1 gc, windows-amd64)
Heap:
 garbage-first heap   total 260096K, used 85663K [0x00000000a0000000, 0x0000000100000000)
  region size 1024K, 48 young (49152K), 15 survivors (15360K)
 Metaspace       used 62978K, capacity 64638K, committed 64668K, reserved 1105920K
  class space    used 8048K, capacity 8677K, committed 8704K, reserved 1048576K
GC Heap History (14 events):
Event: 1.929 GC heap before
{Heap before GC invocations=0 (full 0):
 garbage-first heap   total 260096K, used 29696K [0x00000000a0000000, 0x0000000100000000)
  region size 1024K, 24 young (24576K), 0 survivors (0K)
 Metaspace       used 9838K, capacity 10064K, committed 10368K, reserved 1058816K
  class space    used 1024K, capacity 1101K, committed 1152K, reserved 1048576K
}
Event: 1.939 GC heap after
{Heap after GC invocations=1 (full 0):
 garbage-first heap   total 260096K, used 9273K [0x00000000a0000000, 0x0000000100000000)
  region size 1024K, 3 young (3072K), 3 survivors (3072K)
 Metaspace       used 9838K, capacity 10064K, committed 10368K, reserved 1058816K
  class space    used 1024K, capacity 1101K, committed 1152K, reserved 1048576K
}
Event: 7.148 GC heap before
{Heap before GC invocations=1 (full 0):
 garbage-first heap   total 260096K, used 109625K [0x00000000a0000000, 0x0000000100000000)
  region size 1024K, 101 young (103424K), 3 survivors (3072K)
 Metaspace       used 20720K, capacity 21175K, committed 21296K, reserved 1069056K
  class space    used 2516K, capacity 2660K, committed 2688K, reserved 1048576K
}
Event: 7.165 GC heap after
{Heap after GC invocations=2 (full 0):
 garbage-first heap   total 260096K, used 16911K [0x00000000a0000000, 0x0000000100000000)
  region size 1024K, 11 young (11264K), 11 survivors (11264K)
 Metaspace       used 20720K, capacity 21175K, committed 21296K, reserved 1069056K
  class space    used 2516K, capacity 2660K, committed 2688K, reserved 1048576K
}
Event: 8.419 GC heap before
{Heap before GC invocations=3 (full 0):
 garbage-first heap   total 260096K, used 60943K [0x00000000a0000000, 0x0000000100000000)
  region size 1024K, 54 young (55296K), 11 survivors (11264K)
 Metaspace       used 25081K, capacity 25620K, committed 25728K, reserved 1071104K
  class space    used 3226K, capacity 3420K, committed 3456K, reserved 1048576K
}
Event: 8.431 GC heap after
{Heap after GC invocations=4 (full 0):
 garbage-first heap   total 260096K, used 18996K [0x00000000a0000000, 0x0000000100000000)
  region size 1024K, 3 young (3072K), 3 survivors (3072K)
 Metaspace       used 25081K, capacity 25620K, committed 25728K, reserved 1071104K
  class space    used 3226K, capacity 3420K, committed 3456K, reserved 1048576K
}
Event: 10.667 GC heap before
{Heap before GC invocations=4 (full 0):
 garbage-first heap   total 260096K, used 90676K [0x00000000a0000000, 0x0000000100000000)
  region size 1024K, 74 young (75776K), 3 survivors (3072K)
 Metaspace       used 35147K, capacity 35918K, committed 36048K, reserved 1081344K
  class space    used 4538K, capacity 4839K, committed 4864K, reserved 1048576K
}
Event: 10.679 GC heap after
{Heap after GC invocations=5 (full 0):
 garbage-first heap   total 260096K, used 22559K [0x00000000a0000000, 0x0000000100000000)
  region size 1024K, 6 young (6144K), 6 survivors (6144K)
 Metaspace       used 35147K, capacity 35918K, committed 36048K, reserved 1081344K
  class space    used 4538K, capacity 4839K, committed 4864K, reserved 1048576K
}
Event: 13.861 GC heap before
{Heap before GC invocations=6 (full 0):
 garbage-first heap   total 260096K, used 142367K [0x00000000a0000000, 0x0000000100000000)
  region size 1024K, 120 young (122880K), 6 survivors (6144K)
 Metaspace       used 44701K, capacity 45699K, committed 45980K, reserved 1089536K
  class space    used 5692K, capacity 6041K, committed 6144K, reserved 1048576K
}
Event: 13.876 GC heap after
{Heap after GC invocations=7 (full 0):
 garbage-first heap   total 260096K, used 29581K [0x00000000a0000000, 0x0000000100000000)
  region size 1024K, 13 young (13312K), 13 survivors (13312K)
 Metaspace       used 44701K, capacity 45699K, committed 45980K, reserved 1089536K
  class space    used 5692K, capacity 6041K, committed 6144K, reserved 1048576K
}
Event: 18.329 GC heap before
{Heap before GC invocations=7 (full 0):
 garbage-first heap   total 260096K, used 165773K [0x00000000a0000000, 0x0000000100000000)
  region size 1024K, 146 young (149504K), 13 survivors (13312K)
 Metaspace       used 51873K, capacity 53187K, committed 53404K, reserved 1095680K
  class space    used 6682K, capacity 7147K, committed 7168K, reserved 1048576K
}
Event: 18.353 GC heap after
{Heap after GC invocations=8 (full 0):
 garbage-first heap   total 260096K, used 35373K [0x00000000a0000000, 0x0000000100000000)
  region size 1024K, 13 young (13312K), 13 survivors (13312K)
 Metaspace       used 51873K, capacity 53187K, committed 53404K, reserved 1095680K
  class space    used 6682K, capacity 7147K, committed 7168K, reserved 1048576K
}
Event: 21.868 GC heap before
{Heap before GC invocations=8 (full 0):
 garbage-first heap   total 260096K, used 158253K [0x00000000a0000000, 0x0000000100000000)
  region size 1024K, 126 young (129024K), 13 survivors (13312K)
 Metaspace       used 58906K, capacity 60479K, committed 60572K, reserved 1101824K
  class space    used 7524K, capacity 8127K, committed 8192K, reserved 1048576K
}
Event: 21.899 GC heap after
{Heap after GC invocations=9 (full 0):
 garbage-first heap   total 260096K, used 52895K [0x00000000a0000000, 0x0000000100000000)
  region size 1024K, 15 young (15360K), 15 survivors (15360K)
 Metaspace       used 58906K, capacity 60479K, committed 60572K, reserved 1101824K
  class space    used 7524K, capacity 8127K, committed 8192K, reserved 1048576K
}

