# JRE version: OpenJDK Runtime Environment (11.0.12+7) (build 11.0.12+7-b1504.28-7817840)
# Java VM: OpenJDK 64-Bit Server VM (11.0.12+7-b1504.28-7817840, mixed mode, tiered, compressed oops, g1 gc, windows-amd64)
Heap:
 garbage-first heap   total 260096K, used 54518K [0x00000000a0000000, 0x0000000100000000)
  region size 1024K, 39 young (39936K), 4 survivors (4096K)
 Metaspace       used 31637K, capacity 32329K, committed 32512K, reserved 1077248K
  class space    used 4215K, capacity 4494K, committed 4608K, reserved 1048576K
GC Heap History (10 events):
Event: 1.518 GC heap before
{Heap before GC invocations=0 (full 0):
 garbage-first heap   total 260096K, used 29696K [0x00000000a0000000, 0x0000000100000000)
  region size 1024K, 24 young (24576K), 0 survivors (0K)
 Metaspace       used 9822K, capacity 10000K, committed 10112K, reserved 1058816K
  class space    used 1024K, capacity 1101K, committed 1152K, reserved 1048576K
}
Event: 1.562 GC heap after
{Heap after GC invocations=1 (full 0):
 garbage-first heap   total 260096K, used 9414K [0x00000000a0000000, 0x0000000100000000)
  region size 1024K, 3 young (3072K), 3 survivors (3072K)
 Metaspace       used 9822K, capacity 10000K, committed 10112K, reserved 1058816K
  class space    used 1024K, capacity 1101K, committed 1152K, reserved 1048576K
}
Event: 2.405 GC heap before
{Heap before GC invocations=1 (full 0):
 garbage-first heap   total 260096K, used 31942K [0x00000000a0000000, 0x0000000100000000)
  region size 1024K, 25 young (25600K), 3 survivors (3072K)
 Metaspace       used 10847K, capacity 11021K, committed 11264K, reserved 1058816K
  class space    used 1132K, capacity 1207K, committed 1280K, reserved 1048576K
}
Event: 2.408 GC heap after
{Heap after GC invocations=2 (full 0):
 garbage-first heap   total 260096K, used 9904K [0x00000000a0000000, 0x0000000100000000)
  region size 1024K, 1 young (1024K), 1 survivors (1024K)
 Metaspace       used 10847K, capacity 11021K, committed 11264K, reserved 1058816K
  class space    used 1132K, capacity 1207K, committed 1280K, reserved 1048576K
}
Event: 5.472 GC heap before
{Heap before GC invocations=2 (full 0):
 garbage-first heap   total 260096K, used 66224K [0x00000000a0000000, 0x0000000100000000)
  region size 1024K, 56 young (57344K), 1 survivors (1024K)
 Metaspace       used 17958K, capacity 18374K, committed 18432K, reserved 1064960K
  class space    used 2131K, capacity 2276K, committed 2304K, reserved 1048576K
}
Event: 5.480 GC heap after
{Heap after GC invocations=3 (full 0):
 garbage-first heap   total 260096K, used 16487K [0x00000000a0000000, 0x0000000100000000)
  region size 1024K, 7 young (7168K), 7 survivors (7168K)
 Metaspace       used 17958K, capacity 18374K, committed 18432K, reserved 1064960K
  class space    used 2131K, capacity 2276K, committed 2304K, reserved 1048576K
}
Event: 6.208 GC heap before
{Heap before GC invocations=3 (full 0):
 garbage-first heap   total 260096K, used 35943K [0x00000000a0000000, 0x0000000100000000)
  region size 1024K, 28 young (28672K), 7 survivors (7168K)
 Metaspace       used 20719K, capacity 21175K, committed 21296K, reserved 1069056K
  class space    used 2520K, capacity 2660K, committed 2688K, reserved 1048576K
}
Event: 6.218 GC heap after
{Heap after GC invocations=4 (full 0):
 garbage-first heap   total 260096K, used 17332K [0x00000000a0000000, 0x0000000100000000)
  region size 1024K, 1 young (1024K), 1 survivors (1024K)
 Metaspace       used 20719K, capacity 21175K, committed 21296K, reserved 1069056K
  class space    used 2520K, capacity 2660K, committed 2688K, reserved 1048576K
}
Event: 7.872 GC heap before
{Heap before GC invocations=5 (full 0):
 garbage-first heap   total 260096K, used 91060K [0x00000000a0000000, 0x0000000100000000)
  region size 1024K, 73 young (74752K), 1 survivors (1024K)
 Metaspace       used 27861K, capacity 28445K, committed 28544K, reserved 1073152K
  class space    used 3650K, capacity 3878K, committed 3968K, reserved 1048576K
}
Event: 7.878 GC heap after
{Heap after GC invocations=6 (full 0):
 garbage-first heap   total 260096K, used 19702K [0x00000000a0000000, 0x0000000100000000)
  region size 1024K, 4 young (4096K), 4 survivors (4096K)
 Metaspace       used 27861K, capacity 28445K, committed 28544K, reserved 1073152K
  class space    used 3650K, capacity 3878K, committed 3968K, reserved 1048576K
}

