# JRE version: OpenJDK Runtime Environment (11.0.12+7) (build 11.0.12+7-b1504.28-7817840)
# Java VM: OpenJDK 64-Bit Server VM (11.0.12+7-b1504.28-7817840, mixed mode, tiered, compressed oops, g1 gc, windows-amd64)
Heap:
 garbage-first heap   total 260096K, used 190254K [0x00000000a0000000, 0x0000000100000000)
  region size 1024K, 104 young (106496K), 13 survivors (13312K)
 Metaspace       used 89582K, capacity 92486K, committed 92752K, reserved 1128448K
  class space    used 11883K, capacity 12913K, committed 12928K, reserved 1048576K
GC Heap History (20 events):
Event: 4.054 GC heap before
{Heap before GC invocations=3 (full 0):
 garbage-first heap   total 260096K, used 39003K [0x00000000a0000000, 0x0000000100000000)
  region size 1024K, 32 young (32768K), 11 survivors (11264K)
 Metaspace       used 22500K, capacity 23022K, committed 23164K, reserved 1069056K
  class space    used 2856K, capacity 3066K, committed 3072K, reserved 1048576K
}
Event: 4.061 GC heap after
{Heap after GC invocations=4 (full 0):
 garbage-first heap   total 260096K, used 17916K [0x00000000a0000000, 0x0000000100000000)
  region size 1024K, 1 young (1024K), 1 survivors (1024K)
 Metaspace       used 22500K, capacity 23022K, committed 23164K, reserved 1069056K
  class space    used 2856K, capacity 3066K, committed 3072K, reserved 1048576K
}
Event: 5.078 GC heap before
{Heap before GC invocations=4 (full 0):
 garbage-first heap   total 260096K, used 98812K [0x00000000a0000000, 0x0000000100000000)
  region size 1024K, 80 young (81920K), 1 survivors (1024K)
 Metaspace       used 30490K, capacity 31205K, committed 31232K, reserved 1077248K
  class space    used 4065K, capacity 4352K, committed 4352K, reserved 1048576K
}
Event: 5.083 GC heap after
{Heap after GC invocations=5 (full 0):
 garbage-first heap   total 260096K, used 20394K [0x00000000a0000000, 0x0000000100000000)
  region size 1024K, 4 young (4096K), 4 survivors (4096K)
 Metaspace       used 30490K, capacity 31205K, committed 31232K, reserved 1077248K
  class space    used 4065K, capacity 4352K, committed 4352K, reserved 1048576K
}
Event: 5.544 GC heap before
{Heap before GC invocations=5 (full 0):
 garbage-first heap   total 260096K, used 35754K [0x00000000a0000000, 0x0000000100000000)
  region size 1024K, 20 young (20480K), 4 survivors (4096K)
 Metaspace       used 35036K, capacity 35853K, committed 36048K, reserved 1081344K
  class space    used 4533K, capacity 4839K, committed 4864K, reserved 1048576K
}
Event: 5.555 GC heap after
{Heap after GC invocations=6 (full 0):
 garbage-first heap   total 260096K, used 22592K [0x00000000a0000000, 0x0000000100000000)
  region size 1024K, 6 young (6144K), 6 survivors (6144K)
 Metaspace       used 35036K, capacity 35853K, committed 36048K, reserved 1081344K
  class space    used 4533K, capacity 4839K, committed 4864K, reserved 1048576K
}
Event: 7.494 GC heap before
{Heap before GC invocations=7 (full 0):
 garbage-first heap   total 260096K, used 142400K [0x00000000a0000000, 0x0000000100000000)
  region size 1024K, 120 young (122880K), 6 survivors (6144K)
 Metaspace       used 44094K, capacity 45184K, committed 45392K, reserved 1089536K
  class space    used 5606K, capacity 5975K, committed 6016K, reserved 1048576K
}
Event: 7.511 GC heap after
{Heap after GC invocations=8 (full 0):
 garbage-first heap   total 260096K, used 29832K [0x00000000a0000000, 0x0000000100000000)
  region size 1024K, 13 young (13312K), 13 survivors (13312K)
 Metaspace       used 44094K, capacity 45184K, committed 45392K, reserved 1089536K
  class space    used 5606K, capacity 5975K, committed 6016K, reserved 1048576K
}
Event: 9.909 GC heap before
{Heap before GC invocations=8 (full 0):
 garbage-first heap   total 260096K, used 165000K [0x00000000a0000000, 0x0000000100000000)
  region size 1024K, 136 young (139264K), 13 survivors (13312K)
 Metaspace       used 51209K, capacity 52675K, committed 52816K, reserved 1095680K
  class space    used 6522K, capacity 6997K, committed 7040K, reserved 1048576K
}
Event: 9.926 GC heap after
{Heap after GC invocations=9 (full 0):
 garbage-first heap   total 260096K, used 48877K [0x00000000a0000000, 0x0000000100000000)
  region size 1024K, 17 young (17408K), 17 survivors (17408K)
 Metaspace       used 51209K, capacity 52675K, committed 52816K, reserved 1095680K
  class space    used 6522K, capacity 6997K, committed 7040K, reserved 1048576K
}
Event: 10.954 GC heap before
{Heap before GC invocations=9 (full 0):
 garbage-first heap   total 260096K, used 105197K [0x00000000a0000000, 0x0000000100000000)
  region size 1024K, 73 young (74752K), 17 survivors (17408K)
 Metaspace       used 58643K, capacity 60174K, committed 60240K, reserved 1101824K
  class space    used 7479K, capacity 8045K, committed 8064K, reserved 1048576K
}
Event: 10.977 GC heap after
{Heap after GC invocations=10 (full 0):
 garbage-first heap   total 260096K, used 51896K [0x00000000a0000000, 0x0000000100000000)
  region size 1024K, 4 young (4096K), 4 survivors (4096K)
 Metaspace       used 58643K, capacity 60174K, committed 60240K, reserved 1101824K
  class space    used 7479K, capacity 8045K, committed 8064K, reserved 1048576K
}
Event: 12.910 GC heap before
{Heap before GC invocations=11 (full 0):
 garbage-first heap   total 260096K, used 172728K [0x00000000a0000000, 0x0000000100000000)
  region size 1024K, 122 young (124928K), 4 survivors (4096K)
 Metaspace       used 67119K, capacity 68870K, committed 69072K, reserved 1110016K
  class space    used 8525K, capacity 9134K, committed 9216K, reserved 1048576K
}
Event: 12.924 GC heap after
{Heap after GC invocations=12 (full 0):
 garbage-first heap   total 260096K, used 57721K [0x00000000a0000000, 0x0000000100000000)
  region size 1024K, 9 young (9216K), 9 survivors (9216K)
 Metaspace       used 67119K, capacity 68870K, committed 69072K, reserved 1110016K
  class space    used 8525K, capacity 9134K, committed 9216K, reserved 1048576K
}
Event: 14.835 GC heap before
{Heap before GC invocations=13 (full 0):
 garbage-first heap   total 260096K, used 184697K [0x00000000a0000000, 0x0000000100000000)
  region size 1024K, 130 young (133120K), 9 survivors (9216K)
 Metaspace       used 71059K, capacity 73067K, committed 73296K, reserved 1112064K
  class space    used 9125K, capacity 9826K, committed 9856K, reserved 1048576K
}
Event: 14.858 GC heap after
{Heap after GC invocations=14 (full 0):
 garbage-first heap   total 260096K, used 71278K [0x00000000a0000000, 0x0000000100000000)
  region size 1024K, 17 young (17408K), 17 survivors (17408K)
 Metaspace       used 71059K, capacity 73067K, committed 73296K, reserved 1112064K
  class space    used 9125K, capacity 9826K, committed 9856K, reserved 1048576K
}
Event: 18.503 GC heap before
{Heap before GC invocations=14 (full 0):
 garbage-first heap   total 260096K, used 191086K [0x00000000a0000000, 0x0000000100000000)
  region size 1024K, 132 young (135168K), 17 survivors (17408K)
 Metaspace       used 77044K, capacity 79281K, committed 79440K, reserved 1118208K
  class space    used 10055K, capacity 10846K, committed 10880K, reserved 1048576K
}
Event: 18.540 GC heap after
{Heap after GC invocations=15 (full 0):
 garbage-first heap   total 260096K, used 86783K [0x00000000a0000000, 0x0000000100000000)
  region size 1024K, 12 young (12288K), 12 survivors (12288K)
 Metaspace       used 77044K, capacity 79281K, committed 79440K, reserved 1118208K
  class space    used 10055K, capacity 10846K, committed 10880K, reserved 1048576K
}
Event: 22.211 GC heap before
{Heap before GC invocations=15 (full 0):
 garbage-first heap   total 260096K, used 196351K [0x00000000a0000000, 0x0000000100000000)
  region size 1024K, 119 young (121856K), 12 survivors (12288K)
 Metaspace       used 85420K, capacity 87958K, committed 88144K, reserved 1126400K
  class space    used 11229K, capacity 12145K, committed 12160K, reserved 1048576K
}
Event: 22.245 GC heap after
{Heap after GC invocations=16 (full 0):
 garbage-first heap   total 260096K, used 99118K [0x00000000a0000000, 0x0000000100000000)
  region size 1024K, 13 young (13312K), 13 survivors (13312K)
 Metaspace       used 85420K, capacity 87958K, committed 88144K, reserved 1126400K
  class space    used 11229K, capacity 12145K, committed 12160K, reserved 1048576K
}

